
jsonhandler: system execution failed.
Following is the set of recorded exceptions:

******************************** Thread exception *****************************
In thread           Root thread            0x0 (thread id)
*******************************************************************************
-------------------------------------------------------------------------------
Class / Object      Routine                Nature of exception           Effect
-------------------------------------------------------------------------------
ARRAYED_LIST        at @1                  valid_key:                   
<0000018FFE668608>                         Precondition violated.        Fail
-------------------------------------------------------------------------------
JSON_FILE           make @18                                            
<0000018FFE668EE8>                         Routine failure.              Fail
-------------------------------------------------------------------------------
APPLICATION         make @6                                             
<0000018FFE6685A8>                         Routine failure.              Fail
-------------------------------------------------------------------------------
APPLICATION         root's creation                                     
<0000018FFE6685A8>                         Routine failure.              Exit
-------------------------------------------------------------------------------
ARRAYED_LIST        at @2                  index_small_enough:          
<0000018FFE668608>                         Runtime check violated.       Exit
-------------------------------------------------------------------------------
ARRAYED_LIST        at @2                                               
<0000018FFE668608>                         Routine failure.              Exit
-------------------------------------------------------------------------------
JSON_FILE           make @18                                            
<0000018FFE668EE8>                         Routine failure.              Exit
-------------------------------------------------------------------------------
APPLICATION         make @6                                             
<0000018FFE6685A8>                         Routine failure.              Exit
-------------------------------------------------------------------------------
APPLICATION         root's creation                                     
<0000018FFE6685A8>                         Routine failure.              Exit
-------------------------------------------------------------------------------

ec: PANIC: Unexpected harmful signal (Segmentation violation) ...

ec: system execution failed.
Following is the set of recorded exceptions.
NB: The raised panic may have induced completely inconsistent information:

******************************** Thread exception *****************************
In thread           Root thread            0x0 (thread id)
*******************************************************************************
-------------------------------------------------------------------------------
Class / Object      Routine                Nature of exception           Effect
-------------------------------------------------------------------------------
EB_KERNEL           root's creation @487   Unexpected harmful signal (Segmentation violation):
<000001E7E12BEB18>                         Eiffel run-time panic.        Bye
-------------------------------------------------------------------------------

ec: dumping core to generate debugging information...

ec: PANIC CASCADE: Unexpected harmful signal (Segmentation violation) -- Giving up...
